<?xml version="1.0" encoding="utf-8"?>
<coverage line-rate="0.9887999999999999" branch-rate="0.9136" version="1.9" timestamp="1606451623" lines-covered="267" lines-valid="270" branches-covered="127" branches-valid="139">
  <sources>
    <source>/Users/tdat00/Documents/git/LeeVox/sdk/LeeVox.Sdk/</source>
  </sources>
  <packages>
    <package name="LeeVox.Sdk" line-rate="0.9887999999999999" branch-rate="0.9136" complexity="168">
      <classes>
        <class name="LeeVox.Sdk.Base32" filename="Security/Base32.cs" line-rate="0.9638" branch-rate="0.8571" complexity="39">
          <methods>
            <method name="ToBase32String" signature="(System.Collections.Generic.IEnumerable`1&lt;System.Byte&gt;,System.Boolean)" line-rate="1" branch-rate="1" complexity="2">
              <lines>
                <line number="26" hits="14" branch="True" condition-coverage="100% (2/2)">
                  <conditions>
                    <condition number="2" type="jump" coverage="100%" />
                  </conditions>
                </line>
              </lines>
            </method>
            <method name="FromBase32String" signature="(System.String)" line-rate="1" branch-rate="1" complexity="1">
              <lines>
                <line number="33" hits="28" branch="False" />
              </lines>
            </method>
            <method name="ToBase32ExtendedHexString" signature="(System.Byte[],System.Boolean)" line-rate="1" branch-rate="1" complexity="2">
              <lines>
                <line number="40" hits="14" branch="True" condition-coverage="100% (2/2)">
                  <conditions>
                    <condition number="2" type="jump" coverage="100%" />
                  </conditions>
                </line>
              </lines>
            </method>
            <method name="FromBase32ExtendedHexString" signature="(System.String)" line-rate="1" branch-rate="1" complexity="1">
              <lines>
                <line number="47" hits="28" branch="False" />
              </lines>
            </method>
            <method name="EncodeBase32WithMappingChars" signature="(System.Collections.Generic.IEnumerable`1&lt;System.Byte&gt;,System.Char[])" line-rate="1" branch-rate="1" complexity="9">
              <lines>
                <line number="50" hits="28" branch="False" />
                <line number="51" hits="28" branch="False" />
                <line number="52" hits="28" branch="True" condition-coverage="100% (2/2)">
                  <conditions>
                    <condition number="11" type="jump" coverage="100%" />
                  </conditions>
                </line>
                <line number="53" hits="28" branch="False" />
                <line number="54" hits="28" branch="False" />
                <line number="55" hits="28" branch="False" />
                <line number="56" hits="112" branch="True" condition-coverage="100% (2/2)">
                  <conditions>
                    <condition number="380" type="jump" coverage="100%" />
                  </conditions>
                </line>
                <line number="57" hits="28" branch="False" />
                <line number="58" hits="28" branch="False" />
                <line number="59" hits="28" branch="False" />
                <line number="60" hits="28" branch="False" />
                <line number="61" hits="28" branch="False" />
                <line number="62" hits="28" branch="False" />
                <line number="63" hits="28" branch="False" />
                <line number="64" hits="28" branch="False" />
                <line number="65" hits="28" branch="False" />
                <line number="66" hits="28" branch="False" />
                <line number="67" hits="28" branch="True" condition-coverage="100% (5/5)">
                  <conditions>
                    <condition number="398" type="switch" coverage="100%" />
                  </conditions>
                </line>
                <line number="70" hits="8" branch="False" />
                <line number="71" hits="8" branch="False" />
                <line number="73" hits="4" branch="False" />
                <line number="74" hits="4" branch="False" />
                <line number="76" hits="4" branch="False" />
                <line number="77" hits="4" branch="False" />
                <line number="79" hits="4" branch="False" />
                <line number="80" hits="4" branch="False" />
                <line number="82" hits="28" branch="False" />
                <line number="83" hits="28" branch="False" />
              </lines>
            </method>
            <method name="DecodeBase32WithMappingChars" signature="(System.String,System.Collections.Generic.Dictionary`2&lt;System.Char,System.Byte&gt;)" line-rate="0.9677" branch-rate="0.9285" complexity="14">
              <lines>
                <line number="86" hits="56" branch="False" />
                <line number="87" hits="56" branch="False" />
                <line number="88" hits="56" branch="True" condition-coverage="100% (2/2)">
                  <conditions>
                    <condition number="11" type="jump" coverage="100%" />
                  </conditions>
                </line>
                <line number="89" hits="56" branch="False" />
                <line number="90" hits="56" branch="False" />
                <line number="91" hits="56" branch="False" />
                <line number="93" hits="224" branch="True" condition-coverage="100% (2/2)">
                  <conditions>
                    <condition number="393" type="jump" coverage="100%" />
                  </conditions>
                </line>
                <line number="94" hits="56" branch="False" />
                <line number="95" hits="56" branch="False" />
                <line number="96" hits="688" branch="True" condition-coverage="100% (2/2)">
                  <conditions>
                    <condition number="200" type="jump" coverage="100%" />
                  </conditions>
                </line>
                <line number="97" hits="328" branch="False" />
                <line number="98" hits="328" branch="False" />
                <line number="99" hits="328" branch="True" condition-coverage="100% (2/2)">
                  <conditions>
                    <condition number="112" type="jump" coverage="100%" />
                  </conditions>
                </line>
                <line number="100" hits="40" branch="False" />
                <line number="101" hits="288" branch="True" condition-coverage="50% (1/2)">
                  <conditions>
                    <condition number="131" type="jump" coverage="50%" />
                  </conditions>
                </line>
                <line number="102" hits="0" branch="False" />
                <line number="103" hits="288" branch="False" />
                <line number="104" hits="288" branch="False" />
                <line number="106" hits="56" branch="False" />
                <line number="107" hits="56" branch="False" />
                <line number="108" hits="56" branch="False" />
                <line number="109" hits="56" branch="False" />
                <line number="110" hits="56" branch="False" />
                <line number="111" hits="56" branch="False" />
                <line number="114" hits="168" branch="False" />
                <line number="115" hits="168" branch="False" />
                <line number="116" hits="168" branch="False" />
                <line number="117" hits="168" branch="True" condition-coverage="100% (4/4)">
                  <conditions>
                    <condition number="425" type="jump" coverage="100%" />
                    <condition number="409" type="jump" coverage="100%" />
                  </conditions>
                </line>
                <line number="119" hits="56" branch="False" />
                <line number="121" hits="56" branch="False" />
                <line number="122" hits="56" branch="False" />
              </lines>
            </method>
            <method name="GetBits" signature="(System.Byte,System.Int32,System.Int32)" line-rate="0.7142000000000001" branch-rate="0.5" complexity="8">
              <lines>
                <line number="125" hits="784" branch="False" />
                <line number="126" hits="784" branch="True" condition-coverage="50% (2/4)">
                  <conditions>
                    <condition number="3" type="jump" coverage="50%" />
                    <condition number="14" type="jump" coverage="50%" />
                  </conditions>
                </line>
                <line number="127" hits="0" branch="False" />
                <line number="128" hits="784" branch="True" condition-coverage="50% (2/4)">
                  <conditions>
                    <condition number="29" type="jump" coverage="50%" />
                    <condition number="43" type="jump" coverage="50%" />
                  </conditions>
                </line>
                <line number="129" hits="0" branch="False" />
                <line number="131" hits="784" branch="False" />
                <line number="132" hits="784" branch="False" />
              </lines>
            </method>
            <method name="GetCharsRange" signature="(System.Char,System.Char)" line-rate="1" branch-rate="1" complexity="1">
              <lines>
                <line number="135" hits="10" branch="False" />
                <line number="136" hits="186" branch="False" />
                <line number="137" hits="10" branch="False" />
              </lines>
            </method>
            <method name=".cctor" signature="()" line-rate="1" branch-rate="1" complexity="1">
              <lines>
                <line number="9" hits="1" branch="False" />
                <line number="10" hits="1" branch="False" />
                <line number="11" hits="1" branch="False" />
                <line number="12" hits="1" branch="False" />
                <line number="13" hits="1" branch="False" />
                <line number="14" hits="1" branch="False" />
                <line number="15" hits="117" branch="False" />
                <line number="16" hits="1" branch="False" />
                <line number="17" hits="109" branch="False" />
                <line number="19" hits="1" branch="False" />
              </lines>
            </method>
          </methods>
          <lines>
            <line number="26" hits="14" branch="True" condition-coverage="100% (2/2)">
              <conditions>
                <condition number="2" type="jump" coverage="100%" />
              </conditions>
            </line>
            <line number="33" hits="28" branch="False" />
            <line number="40" hits="14" branch="True" condition-coverage="100% (2/2)">
              <conditions>
                <condition number="2" type="jump" coverage="100%" />
              </conditions>
            </line>
            <line number="47" hits="28" branch="False" />
            <line number="50" hits="28" branch="False" />
            <line number="51" hits="28" branch="False" />
            <line number="52" hits="28" branch="True" condition-coverage="100% (2/2)">
              <conditions>
                <condition number="11" type="jump" coverage="100%" />
              </conditions>
            </line>
            <line number="53" hits="28" branch="False" />
            <line number="54" hits="28" branch="False" />
            <line number="55" hits="28" branch="False" />
            <line number="56" hits="112" branch="True" condition-coverage="100% (2/2)">
              <conditions>
                <condition number="380" type="jump" coverage="100%" />
              </conditions>
            </line>
            <line number="57" hits="28" branch="False" />
            <line number="58" hits="28" branch="False" />
            <line number="59" hits="28" branch="False" />
            <line number="60" hits="28" branch="False" />
            <line number="61" hits="28" branch="False" />
            <line number="62" hits="28" branch="False" />
            <line number="63" hits="28" branch="False" />
            <line number="64" hits="28" branch="False" />
            <line number="65" hits="28" branch="False" />
            <line number="66" hits="28" branch="False" />
            <line number="67" hits="28" branch="True" condition-coverage="100% (5/5)">
              <conditions>
                <condition number="398" type="switch" coverage="100%" />
              </conditions>
            </line>
            <line number="70" hits="8" branch="False" />
            <line number="71" hits="8" branch="False" />
            <line number="73" hits="4" branch="False" />
            <line number="74" hits="4" branch="False" />
            <line number="76" hits="4" branch="False" />
            <line number="77" hits="4" branch="False" />
            <line number="79" hits="4" branch="False" />
            <line number="80" hits="4" branch="False" />
            <line number="82" hits="28" branch="False" />
            <line number="83" hits="28" branch="False" />
            <line number="86" hits="56" branch="False" />
            <line number="87" hits="56" branch="False" />
            <line number="88" hits="56" branch="True" condition-coverage="100% (2/2)">
              <conditions>
                <condition number="11" type="jump" coverage="100%" />
              </conditions>
            </line>
            <line number="89" hits="56" branch="False" />
            <line number="90" hits="56" branch="False" />
            <line number="91" hits="56" branch="False" />
            <line number="93" hits="224" branch="True" condition-coverage="100% (2/2)">
              <conditions>
                <condition number="393" type="jump" coverage="100%" />
              </conditions>
            </line>
            <line number="94" hits="56" branch="False" />
            <line number="95" hits="56" branch="False" />
            <line number="96" hits="688" branch="True" condition-coverage="100% (2/2)">
              <conditions>
                <condition number="200" type="jump" coverage="100%" />
              </conditions>
            </line>
            <line number="97" hits="328" branch="False" />
            <line number="98" hits="328" branch="False" />
            <line number="99" hits="328" branch="True" condition-coverage="100% (2/2)">
              <conditions>
                <condition number="112" type="jump" coverage="100%" />
              </conditions>
            </line>
            <line number="100" hits="40" branch="False" />
            <line number="101" hits="288" branch="True" condition-coverage="50% (1/2)">
              <conditions>
                <condition number="131" type="jump" coverage="50%" />
              </conditions>
            </line>
            <line number="102" hits="0" branch="False" />
            <line number="103" hits="288" branch="False" />
            <line number="104" hits="288" branch="False" />
            <line number="106" hits="56" branch="False" />
            <line number="107" hits="56" branch="False" />
            <line number="108" hits="56" branch="False" />
            <line number="109" hits="56" branch="False" />
            <line number="110" hits="56" branch="False" />
            <line number="111" hits="56" branch="False" />
            <line number="114" hits="168" branch="False" />
            <line number="115" hits="168" branch="False" />
            <line number="116" hits="168" branch="False" />
            <line number="117" hits="168" branch="True" condition-coverage="100% (4/4)">
              <conditions>
                <condition number="425" type="jump" coverage="100%" />
                <condition number="409" type="jump" coverage="100%" />
              </conditions>
            </line>
            <line number="119" hits="56" branch="False" />
            <line number="121" hits="56" branch="False" />
            <line number="122" hits="56" branch="False" />
            <line number="125" hits="784" branch="False" />
            <line number="126" hits="784" branch="True" condition-coverage="50% (2/4)">
              <conditions>
                <condition number="3" type="jump" coverage="50%" />
                <condition number="14" type="jump" coverage="50%" />
              </conditions>
            </line>
            <line number="127" hits="0" branch="False" />
            <line number="128" hits="784" branch="True" condition-coverage="50% (2/4)">
              <conditions>
                <condition number="29" type="jump" coverage="50%" />
                <condition number="43" type="jump" coverage="50%" />
              </conditions>
            </line>
            <line number="129" hits="0" branch="False" />
            <line number="131" hits="784" branch="False" />
            <line number="132" hits="784" branch="False" />
            <line number="135" hits="10" branch="False" />
            <line number="136" hits="186" branch="False" />
            <line number="137" hits="10" branch="False" />
            <line number="9" hits="1" branch="False" />
            <line number="10" hits="1" branch="False" />
            <line number="11" hits="1" branch="False" />
            <line number="12" hits="1" branch="False" />
            <line number="13" hits="1" branch="False" />
            <line number="14" hits="1" branch="False" />
            <line number="15" hits="117" branch="False" />
            <line number="16" hits="1" branch="False" />
            <line number="17" hits="109" branch="False" />
            <line number="19" hits="1" branch="False" />
          </lines>
        </class>
        <class name="LeeVox.Sdk.StringComparerIgnoreSpaces" filename="Text/StringComparerExtensions.cs" line-rate="1" branch-rate="1" complexity="6">
          <methods>
            <method name="get_Ordinal" signature="()" line-rate="1" branch-rate="1" complexity="1">
              <lines>
                <line number="11" hits="65" branch="False" />
              </lines>
            </method>
            <method name="get_OrdinalIgnoreCase" signature="()" line-rate="1" branch-rate="1" complexity="1">
              <lines>
                <line number="17" hits="65" branch="False" />
              </lines>
            </method>
            <method name="get_CurrentCulture" signature="()" line-rate="1" branch-rate="1" complexity="1">
              <lines>
                <line number="26" hits="64" branch="False" />
                <line number="27" hits="64" branch="False" />
                <line number="28" hits="64" branch="False" />
              </lines>
            </method>
            <method name="get_CurrentCultureIgnoreCase" signature="()" line-rate="1" branch-rate="1" complexity="1">
              <lines>
                <line number="38" hits="64" branch="False" />
                <line number="39" hits="64" branch="False" />
                <line number="40" hits="64" branch="False" />
              </lines>
            </method>
            <method name="get_InvariantCulture" signature="()" line-rate="1" branch-rate="1" complexity="1">
              <lines>
                <line number="47" hits="65" branch="False" />
              </lines>
            </method>
            <method name="get_InvariantCultureIgnoreCase" signature="()" line-rate="1" branch-rate="1" complexity="1">
              <lines>
                <line number="53" hits="65" branch="False" />
              </lines>
            </method>
          </methods>
          <lines>
            <line number="11" hits="65" branch="False" />
            <line number="17" hits="65" branch="False" />
            <line number="26" hits="64" branch="False" />
            <line number="27" hits="64" branch="False" />
            <line number="28" hits="64" branch="False" />
            <line number="38" hits="64" branch="False" />
            <line number="39" hits="64" branch="False" />
            <line number="40" hits="64" branch="False" />
            <line number="47" hits="65" branch="False" />
            <line number="53" hits="65" branch="False" />
          </lines>
        </class>
        <class name="LeeVox.Sdk.StringComparerIgnoreSpaces/IgnoreSpacesComparer" filename="Text/StringComparerExtensions.cs" line-rate="1" branch-rate="0.5" complexity="12">
          <methods>
            <method name="get_InnerComparer" signature="()" line-rate="1" branch-rate="1" complexity="1">
              <lines>
                <line number="57" hits="384" branch="False" />
              </lines>
            </method>
            <method name="Compare" signature="(System.String,System.String)" line-rate="1" branch-rate="0.5" complexity="4">
              <lines>
                <line number="68" hits="96" branch="False" />
                <line number="69" hits="96" branch="True" condition-coverage="50% (2/4)">
                  <conditions>
                    <condition number="8" type="jump" coverage="50%" />
                    <condition number="20" type="jump" coverage="50%" />
                  </conditions>
                </line>
                <line number="70" hits="96" branch="False" />
              </lines>
            </method>
            <method name="Equals" signature="(System.String,System.String)" line-rate="1" branch-rate="0.5" complexity="4">
              <lines>
                <line number="76" hits="96" branch="False" />
                <line number="77" hits="96" branch="True" condition-coverage="50% (2/4)">
                  <conditions>
                    <condition number="8" type="jump" coverage="50%" />
                    <condition number="20" type="jump" coverage="50%" />
                  </conditions>
                </line>
                <line number="78" hits="96" branch="False" />
              </lines>
            </method>
            <method name="GetHashCode" signature="(System.String)" line-rate="1" branch-rate="0.5" complexity="2">
              <lines>
                <line number="84" hits="192" branch="False" />
                <line number="85" hits="192" branch="True" condition-coverage="50% (1/2)">
                  <conditions>
                    <condition number="8" type="jump" coverage="50%" />
                  </conditions>
                </line>
                <line number="86" hits="192" branch="False" />
              </lines>
            </method>
            <method name=".ctor" signature="(System.StringComparer)" line-rate="1" branch-rate="1" complexity="1">
              <lines>
                <line number="59" hits="132" branch="False" />
                <line number="60" hits="132" branch="False" />
                <line number="61" hits="132" branch="False" />
                <line number="62" hits="132" branch="False" />
              </lines>
            </method>
          </methods>
          <lines>
            <line number="57" hits="384" branch="False" />
            <line number="68" hits="96" branch="False" />
            <line number="69" hits="96" branch="True" condition-coverage="50% (2/4)">
              <conditions>
                <condition number="8" type="jump" coverage="50%" />
                <condition number="20" type="jump" coverage="50%" />
              </conditions>
            </line>
            <line number="70" hits="96" branch="False" />
            <line number="76" hits="96" branch="False" />
            <line number="77" hits="96" branch="True" condition-coverage="50% (2/4)">
              <conditions>
                <condition number="8" type="jump" coverage="50%" />
                <condition number="20" type="jump" coverage="50%" />
              </conditions>
            </line>
            <line number="78" hits="96" branch="False" />
            <line number="84" hits="192" branch="False" />
            <line number="85" hits="192" branch="True" condition-coverage="50% (1/2)">
              <conditions>
                <condition number="8" type="jump" coverage="50%" />
              </conditions>
            </line>
            <line number="86" hits="192" branch="False" />
            <line number="59" hits="132" branch="False" />
            <line number="60" hits="132" branch="False" />
            <line number="61" hits="132" branch="False" />
            <line number="62" hits="132" branch="False" />
          </lines>
        </class>
        <class name="LeeVox.Sdk.StringExtensions" filename="Text/StringExtensions.cs" line-rate="1" branch-rate="1" complexity="35">
          <methods>
            <method name="SafeTrim" signature="(System.String)" line-rate="1" branch-rate="1" complexity="4">
              <lines>
                <line number="16" hits="3" branch="True" condition-coverage="100% (4/4)">
                  <conditions>
                    <condition number="1" type="jump" coverage="100%" />
                    <condition number="13" type="jump" coverage="100%" />
                  </conditions>
                </line>
              </lines>
            </method>
            <method name="SafeTrim" signature="(System.String,System.Char[])" line-rate="1" branch-rate="1" complexity="4">
              <lines>
                <line number="27" hits="2" branch="True" condition-coverage="100% (4/4)">
                  <conditions>
                    <condition number="1" type="jump" coverage="100%" />
                    <condition number="14" type="jump" coverage="100%" />
                  </conditions>
                </line>
              </lines>
            </method>
            <method name="IsEqual" signature="(System.String,System.String)" line-rate="1" branch-rate="1" complexity="1">
              <lines>
                <line number="33" hits="22" branch="False" />
              </lines>
            </method>
            <method name="IsEqual" signature="(System.String,System.String,System.Boolean)" line-rate="1" branch-rate="1" complexity="2">
              <lines>
                <line number="39" hits="44" branch="True" condition-coverage="100% (2/2)">
                  <conditions>
                    <condition number="3" type="jump" coverage="100%" />
                  </conditions>
                </line>
              </lines>
            </method>
            <method name="IsEqual" signature="(System.String,System.String,System.StringComparison)" line-rate="1" branch-rate="1" complexity="1">
              <lines>
                <line number="45" hits="66" branch="False" />
              </lines>
            </method>
            <method name="IsOrdinalEqual" signature="(System.String,System.String)" line-rate="1" branch-rate="1" complexity="1">
              <lines>
                <line number="51" hits="22" branch="False" />
              </lines>
            </method>
            <method name="IsOrdinalEqual" signature="(System.String,System.String,System.Boolean)" line-rate="1" branch-rate="1" complexity="2">
              <lines>
                <line number="57" hits="66" branch="True" condition-coverage="100% (2/2)">
                  <conditions>
                    <condition number="3" type="jump" coverage="100%" />
                  </conditions>
                </line>
              </lines>
            </method>
            <method name="IsEqualIgnoreSpaces" signature="(System.String,System.String)" line-rate="1" branch-rate="1" complexity="1">
              <lines>
                <line number="63" hits="22" branch="False" />
              </lines>
            </method>
            <method name="IsEqualIgnoreSpaces" signature="(System.String,System.String,System.Boolean)" line-rate="1" branch-rate="1" complexity="2">
              <lines>
                <line number="69" hits="54" branch="True" condition-coverage="100% (2/2)">
                  <conditions>
                    <condition number="3" type="jump" coverage="100%" />
                  </conditions>
                </line>
              </lines>
            </method>
            <method name="IsEqualIgnoreSpaces" signature="(System.String,System.String,System.StringComparison)" line-rate="1" branch-rate="1" complexity="4">
              <lines>
                <line number="75" hits="164" branch="True" condition-coverage="100% (4/4)">
                  <conditions>
                    <condition number="1" type="jump" coverage="100%" />
                    <condition number="13" type="jump" coverage="100%" />
                  </conditions>
                </line>
              </lines>
            </method>
            <method name="IsOrdinalEqualIgnoreSpaces" signature="(System.String,System.String)" line-rate="1" branch-rate="1" complexity="1">
              <lines>
                <line number="81" hits="22" branch="False" />
              </lines>
            </method>
            <method name="IsOrdinalEqualIgnoreSpaces" signature="(System.String,System.String,System.Boolean)" line-rate="1" branch-rate="1" complexity="6">
              <lines>
                <line number="87" hits="76" branch="True" condition-coverage="100% (6/6)">
                  <conditions>
                    <condition number="1" type="jump" coverage="100%" />
                    <condition number="13" type="jump" coverage="100%" />
                    <condition number="25" type="jump" coverage="100%" />
                  </conditions>
                </line>
              </lines>
            </method>
            <method name="Contains" signature="(System.String,System.String,System.Boolean)" line-rate="1" branch-rate="1" complexity="2">
              <lines>
                <line number="95" hits="7" branch="True" condition-coverage="100% (2/2)">
                  <conditions>
                    <condition number="3" type="jump" coverage="100%" />
                  </conditions>
                </line>
              </lines>
            </method>
            <method name="Contains" signature="(System.String,System.String,System.StringComparison)" line-rate="1" branch-rate="1" complexity="1">
              <lines>
                <line number="103" hits="7" branch="False" />
              </lines>
            </method>
            <method name="OrdinalContains" signature="(System.String,System.String)" line-rate="1" branch-rate="1" complexity="1">
              <lines>
                <line number="111" hits="5" branch="False" />
              </lines>
            </method>
            <method name="OrdinalContains" signature="(System.String,System.String,System.Boolean)" line-rate="1" branch-rate="1" complexity="2">
              <lines>
                <line number="119" hits="12" branch="True" condition-coverage="100% (2/2)">
                  <conditions>
                    <condition number="3" type="jump" coverage="100%" />
                  </conditions>
                </line>
              </lines>
            </method>
          </methods>
          <lines>
            <line number="16" hits="3" branch="True" condition-coverage="100% (4/4)">
              <conditions>
                <condition number="1" type="jump" coverage="100%" />
                <condition number="13" type="jump" coverage="100%" />
              </conditions>
            </line>
            <line number="27" hits="2" branch="True" condition-coverage="100% (4/4)">
              <conditions>
                <condition number="1" type="jump" coverage="100%" />
                <condition number="14" type="jump" coverage="100%" />
              </conditions>
            </line>
            <line number="33" hits="22" branch="False" />
            <line number="39" hits="44" branch="True" condition-coverage="100% (2/2)">
              <conditions>
                <condition number="3" type="jump" coverage="100%" />
              </conditions>
            </line>
            <line number="45" hits="66" branch="False" />
            <line number="51" hits="22" branch="False" />
            <line number="57" hits="66" branch="True" condition-coverage="100% (2/2)">
              <conditions>
                <condition number="3" type="jump" coverage="100%" />
              </conditions>
            </line>
            <line number="63" hits="22" branch="False" />
            <line number="69" hits="54" branch="True" condition-coverage="100% (2/2)">
              <conditions>
                <condition number="3" type="jump" coverage="100%" />
              </conditions>
            </line>
            <line number="75" hits="164" branch="True" condition-coverage="100% (4/4)">
              <conditions>
                <condition number="1" type="jump" coverage="100%" />
                <condition number="13" type="jump" coverage="100%" />
              </conditions>
            </line>
            <line number="81" hits="22" branch="False" />
            <line number="87" hits="76" branch="True" condition-coverage="100% (6/6)">
              <conditions>
                <condition number="1" type="jump" coverage="100%" />
                <condition number="13" type="jump" coverage="100%" />
                <condition number="25" type="jump" coverage="100%" />
              </conditions>
            </line>
            <line number="95" hits="7" branch="True" condition-coverage="100% (2/2)">
              <conditions>
                <condition number="3" type="jump" coverage="100%" />
              </conditions>
            </line>
            <line number="103" hits="7" branch="False" />
            <line number="111" hits="5" branch="False" />
            <line number="119" hits="12" branch="True" condition-coverage="100% (2/2)">
              <conditions>
                <condition number="3" type="jump" coverage="100%" />
              </conditions>
            </line>
          </lines>
        </class>
        <class name="LeeVox.Sdk.StringParseExtensions" filename="Text/StringParseExtensions.cs" line-rate="1" branch-rate="0.9666" complexity="64">
          <methods>
            <method name="ParseTo" signature="(System.String)" line-rate="1" branch-rate="1" complexity="1">
              <lines>
                <line number="16" hits="2" branch="False" />
                <line number="18" hits="2" branch="False" />
                <line number="19" hits="2" branch="False" />
                <line number="21" hits="1" branch="False" />
                <line number="22" hits="1" branch="False" />
                <line number="23" hits="1" branch="False" />
                <line number="25" hits="2" branch="False" />
              </lines>
            </method>
            <method name="ParseTo" signature="(System.String,System.IFormatProvider)" line-rate="1" branch-rate="1" complexity="1">
              <lines>
                <line number="33" hits="3" branch="False" />
                <line number="35" hits="3" branch="False" />
                <line number="36" hits="3" branch="False" />
                <line number="38" hits="1" branch="False" />
                <line number="39" hits="1" branch="False" />
                <line number="40" hits="1" branch="False" />
                <line number="42" hits="3" branch="False" />
              </lines>
            </method>
            <method name="ParseTo" signature="(System.String,TResult)" line-rate="1" branch-rate="1" complexity="1">
              <lines>
                <line number="50" hits="1" branch="False" />
                <line number="52" hits="1" branch="False" />
                <line number="53" hits="1" branch="False" />
                <line number="55" hits="1" branch="False" />
                <line number="56" hits="1" branch="False" />
                <line number="57" hits="1" branch="False" />
                <line number="59" hits="1" branch="False" />
              </lines>
            </method>
            <method name="ParseTo" signature="(System.String,System.IFormatProvider,TResult)" line-rate="1" branch-rate="1" complexity="1">
              <lines>
                <line number="67" hits="1" branch="False" />
                <line number="69" hits="1" branch="False" />
                <line number="70" hits="1" branch="False" />
                <line number="72" hits="1" branch="False" />
                <line number="73" hits="1" branch="False" />
                <line number="74" hits="1" branch="False" />
                <line number="76" hits="1" branch="False" />
              </lines>
            </method>
            <method name="ParseToBoolean" signature="(System.String)" line-rate="1" branch-rate="1" complexity="2">
              <lines>
                <line number="87" hits="4" branch="False" />
                <line number="88" hits="4" branch="True" condition-coverage="100% (2/2)">
                  <conditions>
                    <condition number="9" type="jump" coverage="100%" />
                  </conditions>
                </line>
                <line number="89" hits="4" branch="False" />
              </lines>
            </method>
            <method name="ParseToBoolean" signature="(System.String,System.Boolean)" line-rate="1" branch-rate="1" complexity="2">
              <lines>
                <line number="96" hits="2" branch="False" />
                <line number="97" hits="2" branch="True" condition-coverage="100% (2/2)">
                  <conditions>
                    <condition number="9" type="jump" coverage="100%" />
                  </conditions>
                </line>
                <line number="98" hits="2" branch="False" />
              </lines>
            </method>
            <method name="ParseToByte" signature="(System.String)" line-rate="1" branch-rate="1" complexity="2">
              <lines>
                <line number="109" hits="3" branch="False" />
                <line number="110" hits="3" branch="True" condition-coverage="100% (2/2)">
                  <conditions>
                    <condition number="9" type="jump" coverage="100%" />
                  </conditions>
                </line>
                <line number="111" hits="3" branch="False" />
              </lines>
            </method>
            <method name="ParseToByte" signature="(System.String,System.Globalization.NumberStyles,System.IFormatProvider)" line-rate="1" branch-rate="1" complexity="2">
              <lines>
                <line number="118" hits="2" branch="False" />
                <line number="119" hits="2" branch="True" condition-coverage="100% (2/2)">
                  <conditions>
                    <condition number="11" type="jump" coverage="100%" />
                  </conditions>
                </line>
                <line number="120" hits="2" branch="False" />
              </lines>
            </method>
            <method name="ParseToByte" signature="(System.String,System.Byte)" line-rate="1" branch-rate="1" complexity="2">
              <lines>
                <line number="127" hits="2" branch="False" />
                <line number="128" hits="2" branch="True" condition-coverage="100% (2/2)">
                  <conditions>
                    <condition number="9" type="jump" coverage="100%" />
                  </conditions>
                </line>
                <line number="129" hits="2" branch="False" />
              </lines>
            </method>
            <method name="ParseToByte" signature="(System.String,System.Globalization.NumberStyles,System.IFormatProvider,System.Byte)" line-rate="1" branch-rate="1" complexity="2">
              <lines>
                <line number="136" hits="2" branch="False" />
                <line number="137" hits="2" branch="True" condition-coverage="100% (2/2)">
                  <conditions>
                    <condition number="11" type="jump" coverage="100%" />
                  </conditions>
                </line>
                <line number="138" hits="2" branch="False" />
              </lines>
            </method>
            <method name="ParseToInt" signature="(System.String)" line-rate="1" branch-rate="1" complexity="2">
              <lines>
                <line number="149" hits="3" branch="False" />
                <line number="150" hits="3" branch="True" condition-coverage="100% (2/2)">
                  <conditions>
                    <condition number="9" type="jump" coverage="100%" />
                  </conditions>
                </line>
                <line number="151" hits="3" branch="False" />
              </lines>
            </method>
            <method name="ParseToInt" signature="(System.String,System.Globalization.NumberStyles,System.IFormatProvider)" line-rate="1" branch-rate="1" complexity="2">
              <lines>
                <line number="158" hits="2" branch="False" />
                <line number="159" hits="2" branch="True" condition-coverage="100% (2/2)">
                  <conditions>
                    <condition number="11" type="jump" coverage="100%" />
                  </conditions>
                </line>
                <line number="160" hits="2" branch="False" />
              </lines>
            </method>
            <method name="ParseToInt" signature="(System.String,System.Int32)" line-rate="1" branch-rate="1" complexity="2">
              <lines>
                <line number="167" hits="2" branch="False" />
                <line number="168" hits="2" branch="True" condition-coverage="100% (2/2)">
                  <conditions>
                    <condition number="9" type="jump" coverage="100%" />
                  </conditions>
                </line>
                <line number="169" hits="2" branch="False" />
              </lines>
            </method>
            <method name="ParseToInt" signature="(System.String,System.Globalization.NumberStyles,System.IFormatProvider,System.Int32)" line-rate="1" branch-rate="1" complexity="2">
              <lines>
                <line number="176" hits="2" branch="False" />
                <line number="177" hits="2" branch="True" condition-coverage="100% (2/2)">
                  <conditions>
                    <condition number="11" type="jump" coverage="100%" />
                  </conditions>
                </line>
                <line number="178" hits="2" branch="False" />
              </lines>
            </method>
            <method name="ParseToLong" signature="(System.String)" line-rate="1" branch-rate="1" complexity="2">
              <lines>
                <line number="189" hits="3" branch="False" />
                <line number="190" hits="3" branch="True" condition-coverage="100% (2/2)">
                  <conditions>
                    <condition number="9" type="jump" coverage="100%" />
                  </conditions>
                </line>
                <line number="191" hits="3" branch="False" />
              </lines>
            </method>
            <method name="ParseToLong" signature="(System.String,System.Globalization.NumberStyles,System.IFormatProvider)" line-rate="1" branch-rate="1" complexity="2">
              <lines>
                <line number="198" hits="2" branch="False" />
                <line number="199" hits="2" branch="True" condition-coverage="100% (2/2)">
                  <conditions>
                    <condition number="11" type="jump" coverage="100%" />
                  </conditions>
                </line>
                <line number="200" hits="2" branch="False" />
              </lines>
            </method>
            <method name="ParseToLong" signature="(System.String,System.Int64)" line-rate="1" branch-rate="1" complexity="2">
              <lines>
                <line number="207" hits="2" branch="False" />
                <line number="208" hits="2" branch="True" condition-coverage="100% (2/2)">
                  <conditions>
                    <condition number="9" type="jump" coverage="100%" />
                  </conditions>
                </line>
                <line number="209" hits="2" branch="False" />
              </lines>
            </method>
            <method name="ParseToLong" signature="(System.String,System.Globalization.NumberStyles,System.IFormatProvider,System.Int64)" line-rate="1" branch-rate="1" complexity="2">
              <lines>
                <line number="216" hits="2" branch="False" />
                <line number="217" hits="2" branch="True" condition-coverage="100% (2/2)">
                  <conditions>
                    <condition number="11" type="jump" coverage="100%" />
                  </conditions>
                </line>
                <line number="218" hits="2" branch="False" />
              </lines>
            </method>
            <method name="ParseToFloat" signature="(System.String)" line-rate="1" branch-rate="0.5" complexity="2">
              <lines>
                <line number="229" hits="3" branch="False" />
                <line number="230" hits="3" branch="True" condition-coverage="50% (1/2)">
                  <conditions>
                    <condition number="9" type="jump" coverage="50%" />
                  </conditions>
                </line>
                <line number="231" hits="3" branch="False" />
              </lines>
            </method>
            <method name="ParseToFloat" signature="(System.String,System.Globalization.NumberStyles,System.IFormatProvider)" line-rate="1" branch-rate="1" complexity="2">
              <lines>
                <line number="238" hits="2" branch="False" />
                <line number="239" hits="2" branch="True" condition-coverage="100% (2/2)">
                  <conditions>
                    <condition number="11" type="jump" coverage="100%" />
                  </conditions>
                </line>
                <line number="240" hits="2" branch="False" />
              </lines>
            </method>
            <method name="ParseToFloat" signature="(System.String,System.Single)" line-rate="1" branch-rate="1" complexity="2">
              <lines>
                <line number="247" hits="2" branch="False" />
                <line number="248" hits="2" branch="True" condition-coverage="100% (2/2)">
                  <conditions>
                    <condition number="9" type="jump" coverage="100%" />
                  </conditions>
                </line>
                <line number="249" hits="2" branch="False" />
              </lines>
            </method>
            <method name="ParseToFloat" signature="(System.String,System.Globalization.NumberStyles,System.IFormatProvider,System.Single)" line-rate="1" branch-rate="1" complexity="2">
              <lines>
                <line number="256" hits="2" branch="False" />
                <line number="257" hits="2" branch="True" condition-coverage="100% (2/2)">
                  <conditions>
                    <condition number="11" type="jump" coverage="100%" />
                  </conditions>
                </line>
                <line number="258" hits="2" branch="False" />
              </lines>
            </method>
            <method name="ParseToDouble" signature="(System.String)" line-rate="1" branch-rate="0.5" complexity="2">
              <lines>
                <line number="269" hits="3" branch="False" />
                <line number="270" hits="3" branch="True" condition-coverage="50% (1/2)">
                  <conditions>
                    <condition number="9" type="jump" coverage="50%" />
                  </conditions>
                </line>
                <line number="271" hits="3" branch="False" />
              </lines>
            </method>
            <method name="ParseToDouble" signature="(System.String,System.Globalization.NumberStyles,System.IFormatProvider)" line-rate="1" branch-rate="1" complexity="2">
              <lines>
                <line number="278" hits="2" branch="False" />
                <line number="279" hits="2" branch="True" condition-coverage="100% (2/2)">
                  <conditions>
                    <condition number="11" type="jump" coverage="100%" />
                  </conditions>
                </line>
                <line number="280" hits="2" branch="False" />
              </lines>
            </method>
            <method name="ParseToDouble" signature="(System.String,System.Double)" line-rate="1" branch-rate="1" complexity="2">
              <lines>
                <line number="287" hits="2" branch="False" />
                <line number="288" hits="2" branch="True" condition-coverage="100% (2/2)">
                  <conditions>
                    <condition number="9" type="jump" coverage="100%" />
                  </conditions>
                </line>
                <line number="289" hits="2" branch="False" />
              </lines>
            </method>
            <method name="ParseToDouble" signature="(System.String,System.Globalization.NumberStyles,System.IFormatProvider,System.Double)" line-rate="1" branch-rate="1" complexity="2">
              <lines>
                <line number="296" hits="2" branch="False" />
                <line number="297" hits="2" branch="True" condition-coverage="100% (2/2)">
                  <conditions>
                    <condition number="11" type="jump" coverage="100%" />
                  </conditions>
                </line>
                <line number="298" hits="2" branch="False" />
              </lines>
            </method>
            <method name="ParseToDecimal" signature="(System.String)" line-rate="1" branch-rate="1" complexity="2">
              <lines>
                <line number="309" hits="3" branch="False" />
                <line number="310" hits="3" branch="True" condition-coverage="100% (2/2)">
                  <conditions>
                    <condition number="9" type="jump" coverage="100%" />
                  </conditions>
                </line>
                <line number="311" hits="3" branch="False" />
              </lines>
            </method>
            <method name="ParseToDecimal" signature="(System.String,System.Globalization.NumberStyles,System.IFormatProvider)" line-rate="1" branch-rate="1" complexity="2">
              <lines>
                <line number="318" hits="2" branch="False" />
                <line number="319" hits="2" branch="True" condition-coverage="100% (2/2)">
                  <conditions>
                    <condition number="11" type="jump" coverage="100%" />
                  </conditions>
                </line>
                <line number="320" hits="2" branch="False" />
              </lines>
            </method>
            <method name="ParseToDecimal" signature="(System.String,System.Decimal)" line-rate="1" branch-rate="1" complexity="2">
              <lines>
                <line number="327" hits="2" branch="False" />
                <line number="328" hits="2" branch="True" condition-coverage="100% (2/2)">
                  <conditions>
                    <condition number="9" type="jump" coverage="100%" />
                  </conditions>
                </line>
                <line number="329" hits="2" branch="False" />
              </lines>
            </method>
            <method name="ParseToDecimal" signature="(System.String,System.Globalization.NumberStyles,System.IFormatProvider,System.Decimal)" line-rate="1" branch-rate="1" complexity="2">
              <lines>
                <line number="336" hits="2" branch="False" />
                <line number="337" hits="2" branch="True" condition-coverage="100% (2/2)">
                  <conditions>
                    <condition number="11" type="jump" coverage="100%" />
                  </conditions>
                </line>
                <line number="338" hits="2" branch="False" />
              </lines>
            </method>
            <method name="ParseToDateTime" signature="(System.String)" line-rate="1" branch-rate="1" complexity="2">
              <lines>
                <line number="349" hits="3" branch="False" />
                <line number="350" hits="3" branch="True" condition-coverage="100% (2/2)">
                  <conditions>
                    <condition number="9" type="jump" coverage="100%" />
                  </conditions>
                </line>
                <line number="351" hits="3" branch="False" />
              </lines>
            </method>
            <method name="ParseToDateTime" signature="(System.String,System.Globalization.DateTimeStyles,System.IFormatProvider)" line-rate="1" branch-rate="1" complexity="2">
              <lines>
                <line number="358" hits="3" branch="False" />
                <line number="359" hits="3" branch="True" condition-coverage="100% (2/2)">
                  <conditions>
                    <condition number="11" type="jump" coverage="100%" />
                  </conditions>
                </line>
                <line number="360" hits="3" branch="False" />
              </lines>
            </method>
            <method name="ParseToDateTime" signature="(System.String,System.DateTime)" line-rate="1" branch-rate="1" complexity="2">
              <lines>
                <line number="367" hits="2" branch="False" />
                <line number="368" hits="2" branch="True" condition-coverage="100% (2/2)">
                  <conditions>
                    <condition number="9" type="jump" coverage="100%" />
                  </conditions>
                </line>
                <line number="369" hits="2" branch="False" />
              </lines>
            </method>
            <method name="ParseToDateTime" signature="(System.String,System.Globalization.DateTimeStyles,System.IFormatProvider,System.DateTime)" line-rate="1" branch-rate="1" complexity="2">
              <lines>
                <line number="376" hits="2" branch="False" />
                <line number="377" hits="2" branch="True" condition-coverage="100% (2/2)">
                  <conditions>
                    <condition number="11" type="jump" coverage="100%" />
                  </conditions>
                </line>
                <line number="378" hits="2" branch="False" />
              </lines>
            </method>
          </methods>
          <lines>
            <line number="16" hits="2" branch="False" />
            <line number="18" hits="2" branch="False" />
            <line number="19" hits="2" branch="False" />
            <line number="21" hits="1" branch="False" />
            <line number="22" hits="1" branch="False" />
            <line number="23" hits="1" branch="False" />
            <line number="25" hits="2" branch="False" />
            <line number="33" hits="3" branch="False" />
            <line number="35" hits="3" branch="False" />
            <line number="36" hits="3" branch="False" />
            <line number="38" hits="1" branch="False" />
            <line number="39" hits="1" branch="False" />
            <line number="40" hits="1" branch="False" />
            <line number="42" hits="3" branch="False" />
            <line number="50" hits="1" branch="False" />
            <line number="52" hits="1" branch="False" />
            <line number="53" hits="1" branch="False" />
            <line number="55" hits="1" branch="False" />
            <line number="56" hits="1" branch="False" />
            <line number="57" hits="1" branch="False" />
            <line number="59" hits="1" branch="False" />
            <line number="67" hits="1" branch="False" />
            <line number="69" hits="1" branch="False" />
            <line number="70" hits="1" branch="False" />
            <line number="72" hits="1" branch="False" />
            <line number="73" hits="1" branch="False" />
            <line number="74" hits="1" branch="False" />
            <line number="76" hits="1" branch="False" />
            <line number="87" hits="4" branch="False" />
            <line number="88" hits="4" branch="True" condition-coverage="100% (2/2)">
              <conditions>
                <condition number="9" type="jump" coverage="100%" />
              </conditions>
            </line>
            <line number="89" hits="4" branch="False" />
            <line number="96" hits="2" branch="False" />
            <line number="97" hits="2" branch="True" condition-coverage="100% (2/2)">
              <conditions>
                <condition number="9" type="jump" coverage="100%" />
              </conditions>
            </line>
            <line number="98" hits="2" branch="False" />
            <line number="109" hits="3" branch="False" />
            <line number="110" hits="3" branch="True" condition-coverage="100% (2/2)">
              <conditions>
                <condition number="9" type="jump" coverage="100%" />
              </conditions>
            </line>
            <line number="111" hits="3" branch="False" />
            <line number="118" hits="2" branch="False" />
            <line number="119" hits="2" branch="True" condition-coverage="100% (2/2)">
              <conditions>
                <condition number="11" type="jump" coverage="100%" />
              </conditions>
            </line>
            <line number="120" hits="2" branch="False" />
            <line number="127" hits="2" branch="False" />
            <line number="128" hits="2" branch="True" condition-coverage="100% (2/2)">
              <conditions>
                <condition number="9" type="jump" coverage="100%" />
              </conditions>
            </line>
            <line number="129" hits="2" branch="False" />
            <line number="136" hits="2" branch="False" />
            <line number="137" hits="2" branch="True" condition-coverage="100% (2/2)">
              <conditions>
                <condition number="11" type="jump" coverage="100%" />
              </conditions>
            </line>
            <line number="138" hits="2" branch="False" />
            <line number="149" hits="3" branch="False" />
            <line number="150" hits="3" branch="True" condition-coverage="100% (2/2)">
              <conditions>
                <condition number="9" type="jump" coverage="100%" />
              </conditions>
            </line>
            <line number="151" hits="3" branch="False" />
            <line number="158" hits="2" branch="False" />
            <line number="159" hits="2" branch="True" condition-coverage="100% (2/2)">
              <conditions>
                <condition number="11" type="jump" coverage="100%" />
              </conditions>
            </line>
            <line number="160" hits="2" branch="False" />
            <line number="167" hits="2" branch="False" />
            <line number="168" hits="2" branch="True" condition-coverage="100% (2/2)">
              <conditions>
                <condition number="9" type="jump" coverage="100%" />
              </conditions>
            </line>
            <line number="169" hits="2" branch="False" />
            <line number="176" hits="2" branch="False" />
            <line number="177" hits="2" branch="True" condition-coverage="100% (2/2)">
              <conditions>
                <condition number="11" type="jump" coverage="100%" />
              </conditions>
            </line>
            <line number="178" hits="2" branch="False" />
            <line number="189" hits="3" branch="False" />
            <line number="190" hits="3" branch="True" condition-coverage="100% (2/2)">
              <conditions>
                <condition number="9" type="jump" coverage="100%" />
              </conditions>
            </line>
            <line number="191" hits="3" branch="False" />
            <line number="198" hits="2" branch="False" />
            <line number="199" hits="2" branch="True" condition-coverage="100% (2/2)">
              <conditions>
                <condition number="11" type="jump" coverage="100%" />
              </conditions>
            </line>
            <line number="200" hits="2" branch="False" />
            <line number="207" hits="2" branch="False" />
            <line number="208" hits="2" branch="True" condition-coverage="100% (2/2)">
              <conditions>
                <condition number="9" type="jump" coverage="100%" />
              </conditions>
            </line>
            <line number="209" hits="2" branch="False" />
            <line number="216" hits="2" branch="False" />
            <line number="217" hits="2" branch="True" condition-coverage="100% (2/2)">
              <conditions>
                <condition number="11" type="jump" coverage="100%" />
              </conditions>
            </line>
            <line number="218" hits="2" branch="False" />
            <line number="229" hits="3" branch="False" />
            <line number="230" hits="3" branch="True" condition-coverage="50% (1/2)">
              <conditions>
                <condition number="9" type="jump" coverage="50%" />
              </conditions>
            </line>
            <line number="231" hits="3" branch="False" />
            <line number="238" hits="2" branch="False" />
            <line number="239" hits="2" branch="True" condition-coverage="100% (2/2)">
              <conditions>
                <condition number="11" type="jump" coverage="100%" />
              </conditions>
            </line>
            <line number="240" hits="2" branch="False" />
            <line number="247" hits="2" branch="False" />
            <line number="248" hits="2" branch="True" condition-coverage="100% (2/2)">
              <conditions>
                <condition number="9" type="jump" coverage="100%" />
              </conditions>
            </line>
            <line number="249" hits="2" branch="False" />
            <line number="256" hits="2" branch="False" />
            <line number="257" hits="2" branch="True" condition-coverage="100% (2/2)">
              <conditions>
                <condition number="11" type="jump" coverage="100%" />
              </conditions>
            </line>
            <line number="258" hits="2" branch="False" />
            <line number="269" hits="3" branch="False" />
            <line number="270" hits="3" branch="True" condition-coverage="50% (1/2)">
              <conditions>
                <condition number="9" type="jump" coverage="50%" />
              </conditions>
            </line>
            <line number="271" hits="3" branch="False" />
            <line number="278" hits="2" branch="False" />
            <line number="279" hits="2" branch="True" condition-coverage="100% (2/2)">
              <conditions>
                <condition number="11" type="jump" coverage="100%" />
              </conditions>
            </line>
            <line number="280" hits="2" branch="False" />
            <line number="287" hits="2" branch="False" />
            <line number="288" hits="2" branch="True" condition-coverage="100% (2/2)">
              <conditions>
                <condition number="9" type="jump" coverage="100%" />
              </conditions>
            </line>
            <line number="289" hits="2" branch="False" />
            <line number="296" hits="2" branch="False" />
            <line number="297" hits="2" branch="True" condition-coverage="100% (2/2)">
              <conditions>
                <condition number="11" type="jump" coverage="100%" />
              </conditions>
            </line>
            <line number="298" hits="2" branch="False" />
            <line number="309" hits="3" branch="False" />
            <line number="310" hits="3" branch="True" condition-coverage="100% (2/2)">
              <conditions>
                <condition number="9" type="jump" coverage="100%" />
              </conditions>
            </line>
            <line number="311" hits="3" branch="False" />
            <line number="318" hits="2" branch="False" />
            <line number="319" hits="2" branch="True" condition-coverage="100% (2/2)">
              <conditions>
                <condition number="11" type="jump" coverage="100%" />
              </conditions>
            </line>
            <line number="320" hits="2" branch="False" />
            <line number="327" hits="2" branch="False" />
            <line number="328" hits="2" branch="True" condition-coverage="100% (2/2)">
              <conditions>
                <condition number="9" type="jump" coverage="100%" />
              </conditions>
            </line>
            <line number="329" hits="2" branch="False" />
            <line number="336" hits="2" branch="False" />
            <line number="337" hits="2" branch="True" condition-coverage="100% (2/2)">
              <conditions>
                <condition number="11" type="jump" coverage="100%" />
              </conditions>
            </line>
            <line number="338" hits="2" branch="False" />
            <line number="349" hits="3" branch="False" />
            <line number="350" hits="3" branch="True" condition-coverage="100% (2/2)">
              <conditions>
                <condition number="9" type="jump" coverage="100%" />
              </conditions>
            </line>
            <line number="351" hits="3" branch="False" />
            <line number="358" hits="3" branch="False" />
            <line number="359" hits="3" branch="True" condition-coverage="100% (2/2)">
              <conditions>
                <condition number="11" type="jump" coverage="100%" />
              </conditions>
            </line>
            <line number="360" hits="3" branch="False" />
            <line number="367" hits="2" branch="False" />
            <line number="368" hits="2" branch="True" condition-coverage="100% (2/2)">
              <conditions>
                <condition number="9" type="jump" coverage="100%" />
              </conditions>
            </line>
            <line number="369" hits="2" branch="False" />
            <line number="376" hits="2" branch="False" />
            <line number="377" hits="2" branch="True" condition-coverage="100% (2/2)">
              <conditions>
                <condition number="11" type="jump" coverage="100%" />
              </conditions>
            </line>
            <line number="378" hits="2" branch="False" />
          </lines>
        </class>
        <class name="LeeVox.Sdk.TaskExtensions" filename="Threading/TaskExtension.cs" line-rate="1" branch-rate="1" complexity="12">
          <methods>
            <method name="WaitAndReturn" signature="(System.Threading.Tasks.Task`1&lt;TResult&gt;)" line-rate="1" branch-rate="1" complexity="1">
              <lines>
                <line number="13" hits="1" branch="False" />
                <line number="14" hits="1" branch="False" />
                <line number="15" hits="1" branch="False" />
                <line number="16" hits="1" branch="False" />
              </lines>
            </method>
            <method name="WaitAndReturn" signature="(System.Threading.Tasks.Task`1&lt;TResult&gt;,System.Int32)" line-rate="1" branch-rate="1" complexity="1">
              <lines>
                <line number="26" hits="2" branch="False" />
              </lines>
            </method>
            <method name="WaitAndReturn" signature="(System.Threading.Tasks.Task`1&lt;TResult&gt;,System.Int32,TResult)" line-rate="1" branch-rate="1" complexity="2">
              <lines>
                <line number="34" hits="3" branch="False" />
                <line number="35" hits="3" branch="True" condition-coverage="100% (2/2)">
                  <conditions>
                    <condition number="8" type="jump" coverage="100%" />
                  </conditions>
                </line>
                <line number="36" hits="3" branch="False" />
              </lines>
            </method>
            <method name="WaitAndReturn" signature="(System.Threading.Tasks.Task`1&lt;TResult&gt;,System.TimeSpan)" line-rate="1" branch-rate="1" complexity="1">
              <lines>
                <line number="46" hits="2" branch="False" />
              </lines>
            </method>
            <method name="WaitAndReturn" signature="(System.Threading.Tasks.Task`1&lt;TResult&gt;,System.TimeSpan,TResult)" line-rate="1" branch-rate="1" complexity="2">
              <lines>
                <line number="54" hits="3" branch="False" />
                <line number="55" hits="3" branch="True" condition-coverage="100% (2/2)">
                  <conditions>
                    <condition number="8" type="jump" coverage="100%" />
                  </conditions>
                </line>
                <line number="56" hits="3" branch="False" />
              </lines>
            </method>
            <method name="WaitAndReturn" signature="(System.Threading.Tasks.Task`1&lt;TResult&gt;,System.Threading.CancellationToken)" line-rate="1" branch-rate="1" complexity="1">
              <lines>
                <line number="66" hits="2" branch="False" />
              </lines>
            </method>
            <method name="WaitAndReturn" signature="(System.Threading.Tasks.Task`1&lt;TResult&gt;,System.Threading.CancellationToken,TResult)" line-rate="1" branch-rate="1" complexity="1">
              <lines>
                <line number="74" hits="3" branch="False" />
                <line number="76" hits="3" branch="False" />
                <line number="77" hits="3" branch="False" />
                <line number="78" hits="1" branch="False" />
                <line number="80" hits="2" branch="False" />
                <line number="81" hits="2" branch="False" />
                <line number="82" hits="2" branch="False" />
                <line number="84" hits="3" branch="False" />
              </lines>
            </method>
            <method name="WaitAndReturn" signature="(System.Threading.Tasks.Task`1&lt;TResult&gt;,System.Int32,System.Threading.CancellationToken)" line-rate="1" branch-rate="1" complexity="1">
              <lines>
                <line number="94" hits="3" branch="False" />
              </lines>
            </method>
            <method name="WaitAndReturn" signature="(System.Threading.Tasks.Task`1&lt;TResult&gt;,System.Int32,System.Threading.CancellationToken,TResult)" line-rate="1" branch-rate="1" complexity="2">
              <lines>
                <line number="102" hits="5" branch="False" />
                <line number="104" hits="5" branch="False" />
                <line number="105" hits="5" branch="True" condition-coverage="100% (2/2)">
                  <conditions>
                    <condition number="10" type="jump" coverage="100%" />
                  </conditions>
                </line>
                <line number="107" hits="2" branch="False" />
                <line number="108" hits="2" branch="False" />
                <line number="109" hits="2" branch="False" />
                <line number="111" hits="5" branch="False" />
              </lines>
            </method>
          </methods>
          <lines>
            <line number="13" hits="1" branch="False" />
            <line number="14" hits="1" branch="False" />
            <line number="15" hits="1" branch="False" />
            <line number="16" hits="1" branch="False" />
            <line number="26" hits="2" branch="False" />
            <line number="34" hits="3" branch="False" />
            <line number="35" hits="3" branch="True" condition-coverage="100% (2/2)">
              <conditions>
                <condition number="8" type="jump" coverage="100%" />
              </conditions>
            </line>
            <line number="36" hits="3" branch="False" />
            <line number="46" hits="2" branch="False" />
            <line number="54" hits="3" branch="False" />
            <line number="55" hits="3" branch="True" condition-coverage="100% (2/2)">
              <conditions>
                <condition number="8" type="jump" coverage="100%" />
              </conditions>
            </line>
            <line number="56" hits="3" branch="False" />
            <line number="66" hits="2" branch="False" />
            <line number="74" hits="3" branch="False" />
            <line number="76" hits="3" branch="False" />
            <line number="77" hits="3" branch="False" />
            <line number="78" hits="1" branch="False" />
            <line number="80" hits="2" branch="False" />
            <line number="81" hits="2" branch="False" />
            <line number="82" hits="2" branch="False" />
            <line number="84" hits="3" branch="False" />
            <line number="94" hits="3" branch="False" />
            <line number="102" hits="5" branch="False" />
            <line number="104" hits="5" branch="False" />
            <line number="105" hits="5" branch="True" condition-coverage="100% (2/2)">
              <conditions>
                <condition number="10" type="jump" coverage="100%" />
              </conditions>
            </line>
            <line number="107" hits="2" branch="False" />
            <line number="108" hits="2" branch="False" />
            <line number="109" hits="2" branch="False" />
            <line number="111" hits="5" branch="False" />
          </lines>
        </class>
      </classes>
    </package>
  </packages>
</coverage>